0 info it worked if it ends with ok
1 verbose cli [ '/Users/LimeStreem/.nvm/versions/node/v6.3.0/bin/node',
1 verbose cli   '/Users/LimeStreem/.nvm/versions/node/v6.3.0/bin/npm',
1 verbose cli   'publish' ]
2 info using npm@3.10.3
3 info using node@v6.3.0
4 verbose publish [ '.' ]
5 silly cache add args [ '.', null ]
6 verbose cache add spec .
7 silly cache add parsed spec Result {
7 silly cache add   raw: '.',
7 silly cache add   scope: null,
7 silly cache add   escapedName: null,
7 silly cache add   name: null,
7 silly cache add   rawSpec: '.',
7 silly cache add   spec: '/Users/LimeStreem/Documents/Programming/generator-grimoire-addons',
7 silly cache add   type: 'directory' }
8 verbose addLocalDirectory /Users/LimeStreem/.npm/generator-grimoire-addons/0.0.3/package.tgz not in flight; packing
9 verbose correctMkdir /Users/LimeStreem/.npm correctMkdir not in flight; initializing
10 info lifecycle generator-grimoire-addons@0.0.3~prepublish: generator-grimoire-addons@0.0.3
11 silly lifecycle generator-grimoire-addons@0.0.3~prepublish: no script for prepublish, continuing
12 verbose tar pack [ '/Users/LimeStreem/.npm/generator-grimoire-addons/0.0.3/package.tgz',
12 verbose tar pack   '/Users/LimeStreem/Documents/Programming/generator-grimoire-addons' ]
13 verbose tarball /Users/LimeStreem/.npm/generator-grimoire-addons/0.0.3/package.tgz
14 verbose folder /Users/LimeStreem/Documents/Programming/generator-grimoire-addons
15 verbose addLocalTarball adding from inside cache /Users/LimeStreem/.npm/generator-grimoire-addons/0.0.3/package.tgz
16 verbose correctMkdir /Users/LimeStreem/.npm correctMkdir not in flight; initializing
17 silly cache afterAdd generator-grimoire-addons@0.0.3
18 verbose afterAdd /Users/LimeStreem/.npm/generator-grimoire-addons/0.0.3/package/package.json not in flight; writing
19 verbose correctMkdir /Users/LimeStreem/.npm correctMkdir not in flight; initializing
20 verbose afterAdd /Users/LimeStreem/.npm/generator-grimoire-addons/0.0.3/package/package.json written
21 silly publish { name: 'generator-grimoire-addons',
21 silly publish   version: '0.0.3',
21 silly publish   description: 'The generator to generate Grimoire.js addons',
21 silly publish   homepage: 'http://grimoire.gl',
21 silly publish   author:
21 silly publish    { name: 'GrimoireGL',
21 silly publish      email: 'admin@grimoire.gl',
21 silly publish      url: 'http://grimoire.gl' },
21 silly publish   files: [ 'generators' ],
21 silly publish   main: 'generators/index.js',
21 silly publish   keywords: [ 'grimoire.js', 'yeoman-generator' ],
21 silly publish   dependencies:
21 silly publish    { 'yeoman-generator': '^0.23.0',
21 silly publish      chalk: '^1.0.0',
21 silly publish      yosay: '^1.0.0' },
21 silly publish   devDependencies:
21 silly publish    { 'yeoman-test': '^1.0.0',
21 silly publish      'yeoman-assert': '^2.0.0',
21 silly publish      eslint: '^3.1.1',
21 silly publish      'eslint-config-xo-space': '^0.14.0' },
21 silly publish   eslintConfig: { extends: 'xo-space', env: { mocha: true } },
21 silly publish   repository:
21 silly publish    { type: 'git',
21 silly publish      url: 'git+https://github.com/grimoiregl/generator-grimoire-addons.git' },
21 silly publish   scripts: { test: 'gulp' },
21 silly publish   license: 'MIT',
21 silly publish   readme: '# generator-grimoire-addons [![NPM version][npm-image]][npm-url] [![Build Status][travis-image]][travis-url] [![Dependency Status][daviddm-image]][daviddm-url] [![Coverage percentage][coveralls-image]][coveralls-url]\n> The generator to generate Grimoire.js addons\n\n## Installation\n\nFirst, install [Yeoman](http://yeoman.io) and generator-grimoire-addons using [npm](https://www.npmjs.com/) (we assume you have pre-installed [node.js](https://nodejs.org/)).\n\n```bash\nnpm install -g yo\nnpm install -g generator-grimoire-addons\n```\n\nThen generate your new project:\n\n```bash\nyo grimoire-addons\n```\n\n## Getting To Know Yeoman\n\n * Yeoman has a heart of gold.\n * Yeoman is a person with feelings and opinions, but is very easy to work with.\n * Yeoman can be too opinionated at times but is easily convinced not to be.\n * Feel free to [learn more about Yeoman](http://yeoman.io/).\n\n## License\n\nMIT © [GrimoireGL](http://grimoire.gl)\n\n\n[npm-image]: https://badge.fury.io/js/generator-grimoire-addons.svg\n[npm-url]: https://npmjs.org/package/generator-grimoire-addons\n[travis-image]: https://travis-ci.org/GrimoireGL/generator-grimoire-addons.svg?branch=master\n[travis-url]: https://travis-ci.org/GrimoireGL/generator-grimoire-addons\n[daviddm-image]: https://david-dm.org/GrimoireGL/generator-grimoire-addons.svg?theme=shields.io\n[daviddm-url]: https://david-dm.org/GrimoireGL/generator-grimoire-addons\n[coveralls-image]: https://coveralls.io/repos/GrimoireGL/generator-grimoire-addons/badge.svg\n[coveralls-url]: https://coveralls.io/r/GrimoireGL/generator-grimoire-addons\n',
21 silly publish   readmeFilename: 'README.md',
21 silly publish   gitHead: 'c726cf58ca8a260b48f6f48199cf99e1ad680ee2',
21 silly publish   bugs: { url: 'https://github.com/grimoiregl/generator-grimoire-addons/issues' },
21 silly publish   _id: 'generator-grimoire-addons@0.0.3',
21 silly publish   _shasum: '65f127f25a1ca1541b34d6e6e8a3ea89bdb7885b',
21 silly publish   _from: '.' }
22 verbose getPublishConfig undefined
23 silly mapToRegistry name generator-grimoire-addons
24 silly mapToRegistry using default registry
25 silly mapToRegistry registry https://registry.npmjs.org/
26 silly mapToRegistry data Result {
26 silly mapToRegistry   raw: 'generator-grimoire-addons',
26 silly mapToRegistry   scope: null,
26 silly mapToRegistry   escapedName: 'generator-grimoire-addons',
26 silly mapToRegistry   name: 'generator-grimoire-addons',
26 silly mapToRegistry   rawSpec: '',
26 silly mapToRegistry   spec: 'latest',
26 silly mapToRegistry   type: 'tag' }
27 silly mapToRegistry uri https://registry.npmjs.org/generator-grimoire-addons
28 verbose publish registryBase https://registry.npmjs.org/
29 silly publish uploading /Users/LimeStreem/.npm/generator-grimoire-addons/0.0.3/package.tgz
30 verbose request uri https://registry.npmjs.org/generator-grimoire-addons
31 verbose request sending authorization for write operation
32 info attempt registry request try #1 at 8:37:27 AM
33 verbose request using bearer token for auth
34 verbose request id 2f1bf5dc4630fc3d
35 http request PUT https://registry.npmjs.org/generator-grimoire-addons
36 http 403 https://registry.npmjs.org/generator-grimoire-addons
37 verbose headers { 'content-type': 'application/json',
37 verbose headers   'cache-control': 'max-age=300',
37 verbose headers   'content-length': '95',
37 verbose headers   'accept-ranges': 'bytes',
37 verbose headers   date: 'Mon, 08 Aug 2016 23:37:27 GMT',
37 verbose headers   via: '1.1 varnish',
37 verbose headers   connection: 'keep-alive',
37 verbose headers   'x-served-by': 'cache-itm7423-ITM',
37 verbose headers   'x-cache': 'MISS',
37 verbose headers   'x-cache-hits': '0',
37 verbose headers   'x-timer': 'S1470699446.862309,VS0,VE545',
37 verbose headers   vary: 'Accept-Encoding' }
38 verbose request invalidating /Users/LimeStreem/.npm/registry.npmjs.org/generator-grimoire-addons on PUT
39 error publish Failed PUT 403
40 verbose stack Error: "You cannot publish over the previously published version 0.0.3." : generator-grimoire-addons
40 verbose stack     at makeError (/Users/LimeStreem/.nvm/versions/node/v6.3.0/lib/node_modules/npm/node_modules/npm-registry-client/lib/request.js:264:12)
40 verbose stack     at CachingRegistryClient.<anonymous> (/Users/LimeStreem/.nvm/versions/node/v6.3.0/lib/node_modules/npm/node_modules/npm-registry-client/lib/request.js:252:14)
40 verbose stack     at Request._callback (/Users/LimeStreem/.nvm/versions/node/v6.3.0/lib/node_modules/npm/node_modules/npm-registry-client/lib/request.js:172:14)
40 verbose stack     at Request.self.callback (/Users/LimeStreem/.nvm/versions/node/v6.3.0/lib/node_modules/npm/node_modules/request/request.js:200:22)
40 verbose stack     at emitTwo (events.js:106:13)
40 verbose stack     at Request.emit (events.js:191:7)
40 verbose stack     at Request.<anonymous> (/Users/LimeStreem/.nvm/versions/node/v6.3.0/lib/node_modules/npm/node_modules/request/request.js:1067:10)
40 verbose stack     at emitOne (events.js:101:20)
40 verbose stack     at Request.emit (events.js:188:7)
40 verbose stack     at IncomingMessage.<anonymous> (/Users/LimeStreem/.nvm/versions/node/v6.3.0/lib/node_modules/npm/node_modules/request/request.js:988:12)
41 verbose statusCode 403
42 verbose pkgid generator-grimoire-addons
43 verbose cwd /Users/LimeStreem/Documents/Programming/generator-grimoire-addons
44 error Darwin 15.6.0
45 error argv "/Users/LimeStreem/.nvm/versions/node/v6.3.0/bin/node" "/Users/LimeStreem/.nvm/versions/node/v6.3.0/bin/npm" "publish"
46 error node v6.3.0
47 error npm  v3.10.3
48 error code E403
49 error "You cannot publish over the previously published version 0.0.3." : generator-grimoire-addons
50 error If you need help, you may report this error at:
50 error     <https://github.com/npm/npm/issues>
51 verbose exit [ 1, true ]
